# JRE version: OpenJDK Runtime Environment (21.0.8) (build 21.0.8+-14196175-b1038.72)
# Java VM: OpenJDK 64-Bit Server VM (21.0.8+-14196175-b1038.72, mixed mode, tiered, compressed oops, compressed class ptrs, g1 gc, windows-amd64)
GC Precious Log:
 CardTable entry size: 512
 Card Set container configuration: InlinePtr #cards 4 size 8 Array Of Cards #cards 16 size 48 Howl #buckets 8 coarsen threshold 3686 Howl Bitmap #cards 512 size 80 coarsen threshold 460 Card regions per heap region 1 cards per card region 4096
 CPUs: 12 total, 12 available
 Memory: 15645M
 Large Page Support: Disabled
 NUMA Support: Disabled
 Compressed Oops: Enabled (Zero based)
 Heap Region Size: 2M
 Heap Min Capacity: 8M
 Heap Initial Capacity: 246M
 Heap Max Capacity: 4G
 Pre-touch: Disabled
 Parallel Workers: 10
 Concurrent Workers: 3
 Concurrent Refinement Workers: 10
 Periodic GC: Disabled
Heap:
 garbage-first heap   total 690176K, used 563154K [0x0000000700000000, 0x0000000800000000)
  region size 2048K, 92 young (188416K), 11 survivors (22528K)
 Metaspace       used 140056K, committed 142592K, reserved 1179648K
  class space    used 19491K, committed 20672K, reserved 1048576K
GC Heap History (20 events):
Event: 49.410 GC heap before
{Heap before GC invocations=74 (full 0):
 garbage-first heap   total 428032K, used 335635K [0x0000000700000000, 0x0000000800000000)
  region size 2048K, 46 young (94208K), 5 survivors (10240K)
 Metaspace       used 130766K, committed 133120K, reserved 1179648K
  class space    used 18508K, committed 19584K, reserved 1048576K
}
Event: 49.416 GC heap after
{Heap after GC invocations=75 (full 0):
 garbage-first heap   total 428032K, used 257526K [0x0000000700000000, 0x0000000800000000)
  region size 2048K, 3 young (6144K), 3 survivors (6144K)
 Metaspace       used 130766K, committed 133120K, reserved 1179648K
  class space    used 18508K, committed 19584K, reserved 1048576K
}
Event: 51.705 GC heap before
{Heap before GC invocations=75 (full 0):
 garbage-first heap   total 428032K, used 388598K [0x0000000700000000, 0x0000000800000000)
  region size 2048K, 68 young (139264K), 3 survivors (6144K)
 Metaspace       used 132957K, committed 135360K, reserved 1179648K
  class space    used 18699K, committed 19840K, reserved 1048576K
}
Event: 51.711 GC heap after
{Heap after GC invocations=76 (full 0):
 garbage-first heap   total 428032K, used 260839K [0x0000000700000000, 0x0000000800000000)
  region size 2048K, 5 young (10240K), 5 survivors (10240K)
 Metaspace       used 132957K, committed 135360K, reserved 1179648K
  class space    used 18699K, committed 19840K, reserved 1048576K
}
Event: 52.993 GC heap before
{Heap before GC invocations=76 (full 0):
 garbage-first heap   total 428032K, used 391911K [0x0000000700000000, 0x0000000800000000)
  region size 2048K, 70 young (143360K), 5 survivors (10240K)
 Metaspace       used 133104K, committed 135552K, reserved 1179648K
  class space    used 18702K, committed 19840K, reserved 1048576K
}
Event: 53.002 GC heap after
{Heap after GC invocations=77 (full 0):
 garbage-first heap   total 428032K, used 263772K [0x0000000700000000, 0x0000000800000000)
  region size 2048K, 7 young (14336K), 7 survivors (14336K)
 Metaspace       used 133104K, committed 135552K, reserved 1179648K
  class space    used 18702K, committed 19840K, reserved 1048576K
}
Event: 53.715 GC heap before
{Heap before GC invocations=77 (full 0):
 garbage-first heap   total 428032K, used 386652K [0x0000000700000000, 0x0000000800000000)
  region size 2048K, 68 young (139264K), 7 survivors (14336K)
 Metaspace       used 133416K, committed 135936K, reserved 1179648K
  class space    used 18723K, committed 19904K, reserved 1048576K
}
Event: 53.723 GC heap after
{Heap after GC invocations=78 (full 0):
 garbage-first heap   total 428032K, used 269029K [0x0000000700000000, 0x0000000800000000)
  region size 2048K, 6 young (12288K), 6 survivors (12288K)
 Metaspace       used 133416K, committed 135936K, reserved 1179648K
  class space    used 18723K, committed 19904K, reserved 1048576K
}
Event: 55.076 GC heap before
{Heap before GC invocations=79 (full 0):
 garbage-first heap   total 450560K, used 389861K [0x0000000700000000, 0x0000000800000000)
  region size 2048K, 66 young (135168K), 6 survivors (12288K)
 Metaspace       used 133689K, committed 136192K, reserved 1179648K
  class space    used 18737K, committed 19904K, reserved 1048576K
}
Event: 55.084 GC heap after
{Heap after GC invocations=80 (full 0):
 garbage-first heap   total 450560K, used 275949K [0x0000000700000000, 0x0000000800000000)
  region size 2048K, 7 young (14336K), 7 survivors (14336K)
 Metaspace       used 133689K, committed 136192K, reserved 1179648K
  class space    used 18737K, committed 19904K, reserved 1048576K
}
Event: 56.514 GC heap before
{Heap before GC invocations=80 (full 0):
 garbage-first heap   total 581632K, used 533997K [0x0000000700000000, 0x0000000800000000)
  region size 2048K, 71 young (145408K), 7 survivors (14336K)
 Metaspace       used 134036K, committed 136512K, reserved 1179648K
  class space    used 18771K, committed 19904K, reserved 1048576K
}
Event: 56.524 GC heap after
{Heap after GC invocations=81 (full 0):
 garbage-first heap   total 581632K, used 409375K [0x0000000700000000, 0x0000000800000000)
  region size 2048K, 8 young (16384K), 8 survivors (16384K)
 Metaspace       used 134036K, committed 136512K, reserved 1179648K
  class space    used 18771K, committed 19904K, reserved 1048576K
}
Event: 57.049 GC heap before
{Heap before GC invocations=81 (full 0):
 garbage-first heap   total 581632K, used 530207K [0x0000000700000000, 0x0000000800000000)
  region size 2048K, 69 young (141312K), 8 survivors (16384K)
 Metaspace       used 134036K, committed 136512K, reserved 1179648K
  class space    used 18771K, committed 19904K, reserved 1048576K
}
Event: 57.056 GC heap after
{Heap after GC invocations=82 (full 0):
 garbage-first heap   total 581632K, used 411602K [0x0000000700000000, 0x0000000800000000)
  region size 2048K, 6 young (12288K), 6 survivors (12288K)
 Metaspace       used 134036K, committed 136512K, reserved 1179648K
  class space    used 18771K, committed 19904K, reserved 1048576K
}
Event: 58.867 GC heap before
{Heap before GC invocations=83 (full 0):
 garbage-first heap   total 690176K, used 528338K [0x0000000700000000, 0x0000000800000000)
  region size 2048K, 65 young (133120K), 6 survivors (12288K)
 Metaspace       used 135212K, committed 137728K, reserved 1179648K
  class space    used 18927K, committed 20096K, reserved 1048576K
}
Event: 58.874 GC heap after
{Heap after GC invocations=84 (full 0):
 garbage-first heap   total 690176K, used 416426K [0x0000000700000000, 0x0000000800000000)
  region size 2048K, 5 young (10240K), 5 survivors (10240K)
 Metaspace       used 135212K, committed 137728K, reserved 1179648K
  class space    used 18927K, committed 20096K, reserved 1048576K
}
Event: 60.366 GC heap before
{Heap before GC invocations=84 (full 0):
 garbage-first heap   total 690176K, used 639658K [0x0000000700000000, 0x0000000800000000)
  region size 2048K, 115 young (235520K), 5 survivors (10240K)
 Metaspace       used 137623K, committed 140096K, reserved 1179648K
  class space    used 19198K, committed 20352K, reserved 1048576K
}
Event: 60.387 GC heap after
{Heap after GC invocations=85 (full 0):
 garbage-first heap   total 690176K, used 442091K [0x0000000700000000, 0x0000000800000000)
  region size 2048K, 15 young (30720K), 15 survivors (30720K)
 Metaspace       used 137623K, committed 140096K, reserved 1179648K
  class space    used 19198K, committed 20352K, reserved 1048576K
}
Event: 61.698 GC heap before
{Heap before GC invocations=85 (full 0):
 garbage-first heap   total 690176K, used 620267K [0x0000000700000000, 0x0000000800000000)
  region size 2048K, 103 young (210944K), 15 survivors (30720K)
 Metaspace       used 138087K, committed 140608K, reserved 1179648K
  class space    used 19239K, committed 20416K, reserved 1048576K
}
Event: 61.716 GC heap after
{Heap after GC invocations=86 (full 0):
 garbage-first heap   total 690176K, used 464850K [0x0000000700000000, 0x0000000800000000)
  region size 2048K, 11 young (22528K), 11 survivors (22528K)
 Metaspace       used 138087K, committed 140608K, reserved 1179648K
  class space    used 19239K, committed 20416K, reserved 1048576K
}

