# JRE version: OpenJDK Runtime Environment (21.0.8) (build 21.0.8+-14196175-b1038.72)
# Java VM: OpenJDK 64-Bit Server VM (21.0.8+-14196175-b1038.72, mixed mode, tiered, compressed oops, compressed class ptrs, g1 gc, windows-amd64)
GC Precious Log:
 CardTable entry size: 512
 Card Set container configuration: InlinePtr #cards 4 size 8 Array Of Cards #cards 16 size 48 Howl #buckets 8 coarsen threshold 3686 Howl Bitmap #cards 512 size 80 coarsen threshold 460 Card regions per heap region 1 cards per card region 4096
 CPUs: 12 total, 12 available
 Memory: 15645M
 Large Page Support: Disabled
 NUMA Support: Disabled
 Compressed Oops: Enabled (Zero based)
 Heap Region Size: 2M
 Heap Min Capacity: 8M
 Heap Initial Capacity: 246M
 Heap Max Capacity: 4G
 Pre-touch: Disabled
 Parallel Workers: 10
 Concurrent Workers: 3
 Concurrent Refinement Workers: 10
 Periodic GC: Disabled
Heap:
 garbage-first heap   total 462848K, used 450619K [0x0000000700000000, 0x0000000800000000)
  region size 2048K, 30 young (61440K), 7 survivors (14336K)
 Metaspace       used 134017K, committed 136512K, reserved 1179648K
  class space    used 18797K, committed 19968K, reserved 1048576K
GC Heap History (20 events):
Event: 15.448 GC heap before
{Heap before GC invocations=57 (full 0):
 garbage-first heap   total 385024K, used 232363K [0x0000000700000000, 0x0000000800000000)
  region size 2048K, 22 young (45056K), 5 survivors (10240K)
 Metaspace       used 119456K, committed 121664K, reserved 1179648K
  class space    used 17046K, committed 18112K, reserved 1048576K
}
Event: 15.452 GC heap after
{Heap after GC invocations=58 (full 0):
 garbage-first heap   total 385024K, used 202417K [0x0000000700000000, 0x0000000800000000)
  region size 2048K, 5 young (10240K), 5 survivors (10240K)
 Metaspace       used 119456K, committed 121664K, reserved 1179648K
  class space    used 17046K, committed 18112K, reserved 1048576K
}
Event: 15.994 GC heap before
{Heap before GC invocations=59 (full 0):
 garbage-first heap   total 385024K, used 349873K [0x0000000700000000, 0x0000000800000000)
  region size 2048K, 77 young (157696K), 5 survivors (10240K)
 Metaspace       used 119693K, committed 122048K, reserved 1179648K
  class space    used 17068K, committed 18176K, reserved 1048576K
}
Event: 16.002 GC heap after
{Heap after GC invocations=60 (full 0):
 garbage-first heap   total 385024K, used 212083K [0x0000000700000000, 0x0000000800000000)
  region size 2048K, 9 young (18432K), 9 survivors (18432K)
 Metaspace       used 119693K, committed 122048K, reserved 1179648K
  class space    used 17068K, committed 18176K, reserved 1048576K
}
Event: 16.635 GC heap before
{Heap before GC invocations=60 (full 0):
 garbage-first heap   total 385024K, used 343155K [0x0000000700000000, 0x0000000800000000)
  region size 2048K, 74 young (151552K), 9 survivors (18432K)
 Metaspace       used 122466K, committed 124864K, reserved 1179648K
  class space    used 17447K, committed 18560K, reserved 1048576K
}
Event: 16.646 GC heap after
{Heap after GC invocations=61 (full 0):
 garbage-first heap   total 385024K, used 221645K [0x0000000700000000, 0x0000000800000000)
  region size 2048K, 10 young (20480K), 10 survivors (20480K)
 Metaspace       used 122466K, committed 124864K, reserved 1179648K
  class space    used 17447K, committed 18560K, reserved 1048576K
}
Event: 17.526 GC heap before
{Heap before GC invocations=61 (full 0):
 garbage-first heap   total 385024K, used 340429K [0x0000000700000000, 0x0000000800000000)
  region size 2048K, 69 young (141312K), 10 survivors (20480K)
 Metaspace       used 128965K, committed 131328K, reserved 1179648K
  class space    used 18298K, committed 19392K, reserved 1048576K
}
Event: 17.540 GC heap after
{Heap after GC invocations=62 (full 0):
 garbage-first heap   total 462848K, used 240513K [0x0000000700000000, 0x0000000800000000)
  region size 2048K, 9 young (18432K), 9 survivors (18432K)
 Metaspace       used 128965K, committed 131328K, reserved 1179648K
  class space    used 18298K, committed 19392K, reserved 1048576K
}
Event: 26.016 GC heap before
{Heap before GC invocations=63 (full 0):
 garbage-first heap   total 462848K, used 408449K [0x0000000700000000, 0x0000000800000000)
  region size 2048K, 92 young (188416K), 9 survivors (18432K)
 Metaspace       used 130724K, committed 133120K, reserved 1179648K
  class space    used 18532K, committed 19648K, reserved 1048576K
}
Event: 26.030 GC heap after
{Heap after GC invocations=64 (full 0):
 garbage-first heap   total 462848K, used 253904K [0x0000000700000000, 0x0000000800000000)
  region size 2048K, 7 young (14336K), 7 survivors (14336K)
 Metaspace       used 130724K, committed 133120K, reserved 1179648K
  class space    used 18532K, committed 19648K, reserved 1048576K
}
Event: 26.697 GC heap before
{Heap before GC invocations=64 (full 0):
 garbage-first heap   total 462848K, used 413648K [0x0000000700000000, 0x0000000800000000)
  region size 2048K, 86 young (176128K), 7 survivors (14336K)
 Metaspace       used 130824K, committed 133184K, reserved 1179648K
  class space    used 18539K, committed 19648K, reserved 1048576K
}
Event: 26.707 GC heap after
{Heap after GC invocations=65 (full 0):
 garbage-first heap   total 462848K, used 257888K [0x0000000700000000, 0x0000000800000000)
  region size 2048K, 5 young (10240K), 5 survivors (10240K)
 Metaspace       used 130824K, committed 133184K, reserved 1179648K
  class space    used 18539K, committed 19648K, reserved 1048576K
}
Event: 27.944 GC heap before
{Heap before GC invocations=65 (full 0):
 garbage-first heap   total 462848K, used 417632K [0x0000000700000000, 0x0000000800000000)
  region size 2048K, 84 young (172032K), 5 survivors (10240K)
 Metaspace       used 133082K, committed 135552K, reserved 1179648K
  class space    used 18727K, committed 19904K, reserved 1048576K
}
Event: 27.952 GC heap after
{Heap after GC invocations=66 (full 0):
 garbage-first heap   total 462848K, used 262810K [0x0000000700000000, 0x0000000800000000)
  region size 2048K, 7 young (14336K), 7 survivors (14336K)
 Metaspace       used 133082K, committed 135552K, reserved 1179648K
  class space    used 18727K, committed 19904K, reserved 1048576K
}
Event: 28.483 GC heap before
{Heap before GC invocations=67 (full 0):
 garbage-first heap   total 462848K, used 420506K [0x0000000700000000, 0x0000000800000000)
  region size 2048K, 85 young (174080K), 7 survivors (14336K)
 Metaspace       used 133406K, committed 135872K, reserved 1179648K
  class space    used 18750K, committed 19904K, reserved 1048576K
}
Event: 28.491 GC heap after
{Heap after GC invocations=68 (full 0):
 garbage-first heap   total 462848K, used 268667K [0x0000000700000000, 0x0000000800000000)
  region size 2048K, 7 young (14336K), 7 survivors (14336K)
 Metaspace       used 133406K, committed 135872K, reserved 1179648K
  class space    used 18750K, committed 19904K, reserved 1048576K
}
Event: 29.165 GC heap before
{Heap before GC invocations=68 (full 0):
 garbage-first heap   total 462848K, used 420219K [0x0000000700000000, 0x0000000800000000)
  region size 2048K, 82 young (167936K), 7 survivors (14336K)
 Metaspace       used 133718K, committed 136128K, reserved 1179648K
  class space    used 18762K, committed 19904K, reserved 1048576K
}
Event: 29.176 GC heap after
{Heap after GC invocations=69 (full 0):
 garbage-first heap   total 462848K, used 273417K [0x0000000700000000, 0x0000000800000000)
  region size 2048K, 9 young (18432K), 9 survivors (18432K)
 Metaspace       used 133718K, committed 136128K, reserved 1179648K
  class space    used 18762K, committed 19904K, reserved 1048576K
}
Event: 29.450 GC heap before
{Heap before GC invocations=69 (full 0):
 garbage-first heap   total 462848K, used 316425K [0x0000000700000000, 0x0000000800000000)
  region size 2048K, 32 young (65536K), 9 survivors (18432K)
 Metaspace       used 133969K, committed 136384K, reserved 1179648K
  class space    used 18794K, committed 19968K, reserved 1048576K
}
Event: 29.457 GC heap after
{Heap after GC invocations=70 (full 0):
 garbage-first heap   total 462848K, used 276539K [0x0000000700000000, 0x0000000800000000)
  region size 2048K, 7 young (14336K), 7 survivors (14336K)
 Metaspace       used 133969K, committed 136384K, reserved 1179648K
  class space    used 18794K, committed 19968K, reserved 1048576K
}

