# JRE version: OpenJDK Runtime Environment (21.0.8) (build 21.0.8+-14196175-b1038.72)
# Java VM: OpenJDK 64-Bit Server VM (21.0.8+-14196175-b1038.72, mixed mode, tiered, compressed oops, compressed class ptrs, g1 gc, windows-amd64)
GC Precious Log:
 CardTable entry size: 512
 Card Set container configuration: InlinePtr #cards 4 size 8 Array Of Cards #cards 16 size 48 Howl #buckets 8 coarsen threshold 3686 Howl Bitmap #cards 512 size 80 coarsen threshold 460 Card regions per heap region 1 cards per card region 4096
 CPUs: 12 total, 12 available
 Memory: 15645M
 Large Page Support: Disabled
 NUMA Support: Disabled
 Compressed Oops: Enabled (Zero based)
 Heap Region Size: 2M
 Heap Min Capacity: 8M
 Heap Initial Capacity: 246M
 Heap Max Capacity: 4G
 Pre-touch: Disabled
 Parallel Workers: 10
 Concurrent Workers: 3
 Concurrent Refinement Workers: 10
 Periodic GC: Disabled
Heap:
 garbage-first heap   total 669696K, used 478464K [0x0000000700000000, 0x0000000800000000)
  region size 2048K, 9 young (18432K), 8 survivors (16384K)
 Metaspace       used 138768K, committed 141312K, reserved 1179648K
  class space    used 19358K, committed 20544K, reserved 1048576K
GC Heap History (20 events):
Event: 22.498 GC heap before
{Heap before GC invocations=56 (full 0):
 garbage-first heap   total 438272K, used 393979K [0x0000000700000000, 0x0000000800000000)
  region size 2048K, 70 young (143360K), 4 survivors (8192K)
 Metaspace       used 132730K, committed 135168K, reserved 1179648K
  class space    used 18698K, committed 19840K, reserved 1048576K
}
Event: 22.506 GC heap after
{Heap after GC invocations=57 (full 0):
 garbage-first heap   total 438272K, used 265028K [0x0000000700000000, 0x0000000800000000)
  region size 2048K, 6 young (12288K), 6 survivors (12288K)
 Metaspace       used 132730K, committed 135168K, reserved 1179648K
  class space    used 18698K, committed 19840K, reserved 1048576K
}
Event: 23.096 GC heap before
{Heap before GC invocations=57 (full 0):
 garbage-first heap   total 438272K, used 398148K [0x0000000700000000, 0x0000000800000000)
  region size 2048K, 72 young (147456K), 6 survivors (12288K)
 Metaspace       used 133019K, committed 135488K, reserved 1179648K
  class space    used 18711K, committed 19904K, reserved 1048576K
}
Event: 23.104 GC heap after
{Heap after GC invocations=58 (full 0):
 garbage-first heap   total 438272K, used 265067K [0x0000000700000000, 0x0000000800000000)
  region size 2048K, 6 young (12288K), 6 survivors (12288K)
 Metaspace       used 133019K, committed 135488K, reserved 1179648K
  class space    used 18711K, committed 19904K, reserved 1048576K
}
Event: 23.532 GC heap before
{Heap before GC invocations=58 (full 0):
 garbage-first heap   total 438272K, used 398187K [0x0000000700000000, 0x0000000800000000)
  region size 2048K, 72 young (147456K), 6 survivors (12288K)
 Metaspace       used 133311K, committed 135744K, reserved 1179648K
  class space    used 18736K, committed 19904K, reserved 1048576K
}
Event: 23.540 GC heap after
{Heap after GC invocations=59 (full 0):
 garbage-first heap   total 438272K, used 270155K [0x0000000700000000, 0x0000000800000000)
  region size 2048K, 7 young (14336K), 7 survivors (14336K)
 Metaspace       used 133311K, committed 135744K, reserved 1179648K
  class space    used 18736K, committed 19904K, reserved 1048576K
}
Event: 24.222 GC heap before
{Heap before GC invocations=60 (full 0):
 garbage-first heap   total 454656K, used 395083K [0x0000000700000000, 0x0000000800000000)
  region size 2048K, 69 young (141312K), 7 survivors (14336K)
 Metaspace       used 133447K, committed 135936K, reserved 1179648K
  class space    used 18736K, committed 19904K, reserved 1048576K
}
Event: 24.229 GC heap after
{Heap after GC invocations=61 (full 0):
 garbage-first heap   total 454656K, used 276561K [0x0000000700000000, 0x0000000800000000)
  region size 2048K, 7 young (14336K), 7 survivors (14336K)
 Metaspace       used 133447K, committed 135936K, reserved 1179648K
  class space    used 18736K, committed 19904K, reserved 1048576K
}
Event: 24.576 GC heap before
{Heap before GC invocations=61 (full 0):
 garbage-first heap   total 454656K, used 411729K [0x0000000700000000, 0x0000000800000000)
  region size 2048K, 74 young (151552K), 7 survivors (14336K)
 Metaspace       used 133561K, committed 136000K, reserved 1179648K
  class space    used 18743K, committed 19904K, reserved 1048576K
}
Event: 24.586 GC heap after
{Heap after GC invocations=62 (full 0):
 garbage-first heap   total 454656K, used 279041K [0x0000000700000000, 0x0000000800000000)
  region size 2048K, 7 young (14336K), 7 survivors (14336K)
 Metaspace       used 133561K, committed 136000K, reserved 1179648K
  class space    used 18743K, committed 19904K, reserved 1048576K
}
Event: 24.791 GC heap before
{Heap before GC invocations=62 (full 0):
 garbage-first heap   total 454656K, used 412161K [0x0000000700000000, 0x0000000800000000)
  region size 2048K, 73 young (149504K), 7 survivors (14336K)
 Metaspace       used 133579K, committed 136000K, reserved 1179648K
  class space    used 18743K, committed 19904K, reserved 1048576K
}
Event: 24.798 GC heap after
{Heap after GC invocations=63 (full 0):
 garbage-first heap   total 454656K, used 282079K [0x0000000700000000, 0x0000000800000000)
  region size 2048K, 6 young (12288K), 6 survivors (12288K)
 Metaspace       used 133579K, committed 136000K, reserved 1179648K
  class space    used 18743K, committed 19904K, reserved 1048576K
}
Event: 25.308 GC heap before
{Heap before GC invocations=64 (full 0):
 garbage-first heap   total 475136K, used 411103K [0x0000000700000000, 0x0000000800000000)
  region size 2048K, 70 young (143360K), 6 survivors (12288K)
 Metaspace       used 135779K, committed 138240K, reserved 1179648K
  class space    used 19007K, committed 20160K, reserved 1048576K
}
Event: 25.314 GC heap after
{Heap after GC invocations=65 (full 0):
 garbage-first heap   total 475136K, used 286390K [0x0000000700000000, 0x0000000800000000)
  region size 2048K, 5 young (10240K), 5 survivors (10240K)
 Metaspace       used 135779K, committed 138240K, reserved 1179648K
  class space    used 19007K, committed 20160K, reserved 1048576K
}
Event: 26.479 GC heap before
{Heap before GC invocations=65 (full 0):
 garbage-first heap   total 530432K, used 526006K [0x0000000700000000, 0x0000000800000000)
  region size 2048K, 71 young (145408K), 5 survivors (10240K)
 Metaspace       used 138565K, committed 141056K, reserved 1179648K
  class space    used 19331K, committed 20544K, reserved 1048576K
}
Event: 26.709 GC heap after
{Heap after GC invocations=66 (full 0):
 garbage-first heap   total 669696K, used 348661K [0x0000000700000000, 0x0000000800000000)
  region size 2048K, 10 young (20480K), 10 survivors (20480K)
 Metaspace       used 138565K, committed 141056K, reserved 1179648K
  class space    used 19331K, committed 20544K, reserved 1048576K
}
Event: 29.972 GC heap before
{Heap before GC invocations=66 (full 0):
 garbage-first heap   total 669696K, used 457205K [0x0000000700000000, 0x0000000800000000)
  region size 2048K, 13 young (26624K), 10 survivors (20480K)
 Metaspace       used 138768K, committed 141312K, reserved 1179648K
  class space    used 19358K, committed 20544K, reserved 1048576K
}
Event: 29.980 GC heap after
{Heap after GC invocations=67 (full 0):
 garbage-first heap   total 669696K, used 393922K [0x0000000700000000, 0x0000000800000000)
  region size 2048K, 10 young (20480K), 10 survivors (20480K)
 Metaspace       used 138768K, committed 141312K, reserved 1179648K
  class space    used 19358K, committed 20544K, reserved 1048576K
}
Event: 29.981 GC heap before
{Heap before GC invocations=67 (full 0):
 garbage-first heap   total 669696K, used 395970K [0x0000000700000000, 0x0000000800000000)
  region size 2048K, 11 young (22528K), 10 survivors (20480K)
 Metaspace       used 138768K, committed 141312K, reserved 1179648K
  class space    used 19358K, committed 20544K, reserved 1048576K
}
Event: 29.987 GC heap after
{Heap after GC invocations=68 (full 0):
 garbage-first heap   total 669696K, used 394496K [0x0000000700000000, 0x0000000800000000)
  region size 2048K, 8 young (16384K), 8 survivors (16384K)
 Metaspace       used 138768K, committed 141312K, reserved 1179648K
  class space    used 19358K, committed 20544K, reserved 1048576K
}

